
Run     SWR     Gain    F/B     F/R     R-a     X-a     Eff.    %Res.   %Stp  HL      

1-0     1.948   4.8741  0.1833  0.182   84.823  -21.69  0       0    	0    	0.7     
1       1.913   4.8754  0.1818  0.1807  83.49   -19.98  0       0.048	0.1  	0.7007  
1-1                                                                           1       

1-2     -8.269  4.9167  0.0967  0.068   -86.63  154.78  0       -6.63	10   	0.77    
2       1.913   4.8754  0.1818  0.1807  83.49   -19.98  0       0.048	0.1  	0.7007  
2-1                                                                           1       

2-2     1.9269  4.89    0.1456  0.1456  57.684  13.274  0       0.346	2    	0.714   
2-3     18.348  4.9033  0.1203  0.1197  28.03   49.964  0       -8.81	2    	0.7283  
3       1.9897  4.8905  0.1438  0.1438  56.261  15.087  0       -0.04	0.1  	0.7147  
3-1                                                                           -1      

3-2     1.8744  4.8895  0.1474  0.1474  59.101  11.463  0       0.032	0.1  	0.7133  
3-3     1.8312  4.889   0.1493  0.1493  60.512  9.6577  0       0.027	0.1  	0.7126  
3-4     1.796   4.8884  0.151   0.151   61.918  7.8546  0       0.023	0.1  	0.7119  
3-5     1.7683  4.8872  0.1523  0.1523  63.319  6.0566  0       0.018	0.1  	0.7111  
3-6     1.7472  4.8867  0.1541  0.1541  64.714  4.2635  0       0.016	0.1  	0.7104  
3-7     1.7322  4.8861  0.1559  0.1559  66.101  2.4771  0       0.013	0.1  	0.7097  
3-8     1.7226  4.8852  0.158   0.158   67.485  0.6935  0       0.01 	0.1  	0.709   
3-9     1.7182  4.8844  0.16    0.16    68.865  -1.086  0       -0.01	0.1  	0.7083  
4       1.7226  4.8852  0.158   0.158   67.488  0.69    0       0.014	0.1  	0.709   
4-1                                                                           1       

4-2     1.7189  4.8848  0.1595  0.1595  68.521  -0.642  0       7.e-3	0.025	0.7085  
4-3     1.7198  4.8849  0.1592  0.1592  68.177  -0.198  0       7.e-3	0.025	0.7087  
4-4     1.7211  4.8849  0.1584  0.1584  67.833  0.246   0       2.e-3	0.025	0.7088  
4-5     1.7226  4.8852  0.158   0.158   67.485  0.6935  0       -2e-3	0.025	0.709   
5       1.7245  4.8854  0.1575  0.1575  67.14   1.1381  0       -2e-3	0.025	0.7092  
5-1                                                                           -1      

5-2     1.7222  4.8852  0.1582  0.1582  67.574  0.5797  0       6.e-4	6.e-3	0.709   
